2025-04-16 19:51:37,894 [INFO] 摄像机数量 : Monocular
2025-04-16 19:51:37,894 [INFO] 摄像机类型 : Fisheye
2025-04-16 19:51:37,894 [INFO] 开始标定!
2025-04-16 19:51:37,895 [INFO] 开始查找角点!
2025-04-16 19:51:37,920 [INFO] 找到角点了,图像路径为: data/fisheye/corner/left/1.jpg
2025-04-16 19:51:38,569 [INFO] 找到角点了,图像路径为: data/fisheye/corner/left/8.jpg
2025-04-16 19:51:39,109 [INFO] 找到角点了,图像路径为: data/fisheye/corner/left/7.jpg
2025-04-16 19:51:39,650 [INFO] 找到角点了,图像路径为: data/fisheye/corner/left/5.jpg
2025-04-16 19:51:40,201 [INFO] 找到角点了,图像路径为: data/fisheye/corner/left/6.jpg
2025-04-16 19:51:40,743 [INFO] 找到角点了,图像路径为: data/fisheye/corner/left/4.jpg
2025-04-16 19:51:41,254 [INFO] 找到角点了,图像路径为: data/fisheye/corner/left/9.jpg
2025-04-16 19:51:41,753 [INFO] 找到角点了,图像路径为: data/fisheye/corner/left/2.jpg
2025-04-16 19:51:42,259 [INFO] 找到角点了,图像路径为: data/fisheye/corner/left/3.jpg
2025-04-16 19:51:42,745 [INFO] 开始标定!
2025-04-16 19:51:42,745 [INFO] Fisheye calibration!
2025-04-16 19:51:42,788 [INFO] 标定完成
2025-04-16 19:51:42,788 [INFO] 重投影误差 e : 126.902318
2025-04-16 19:51:42,789 [INFO] 相机内参矩阵 K : 
[[360.41294674   0.         315.76581923]
 [  0.         360.76831328 238.62934349]
 [  0.           0.           1.        ]]
2025-04-16 19:51:42,789 [INFO] 畸变系数 D :
[[ -0.86287921]
 [  8.9860065 ]
 [-19.24230075]
 [  2.86419296]]
2025-04-16 19:51:42,789 [INFO] 开始保存,保存目录为: ./monocorner
2025-04-16 19:51:42,790 [INFO] 标定结果已保存到 monocorner/param.yaml
2025-04-16 19:51:42,791 [INFO] 每张图像的旋转/平移向量已保存到 monocorner/pose.txt
2025-04-16 19:51:42,793 [INFO] 角点坐标已保存到 ./monocorner/corners 目录
2025-04-16 19:51:42,795 [INFO] 世界坐标已保存到 ./monocorner/world_coordinates.csv 文件里面
